<?xml version="1.0" encoding="UTF-8"?>
<!-- Generated by org.testng.reporters.JUnitXMLReporter -->
<testsuite hostname="LAPTOP-KM75GR82" ignored="2" name="Test" tests="1" failures="1" timestamp="13 Dec 2022 10:27:18 GMT" time="0.025" errors="0">
  <testcase name="testForm" time="0.011" classname="module3.Assignment3">
    <failure type="java.lang.NullPointerException">
      <![CDATA[java.lang.NullPointerException
	at module3.Assignment3.testForm(Assignment3.java:39)
... Removed 25 stack frames]]>
    </failure>
  </testcase> <!-- testForm -->
  <testcase name="login" time="0.0" classname="module3.Assignment2">
    <ignored/>
  </testcase> <!-- login -->
  <testcase name="login" time="0.0" classname="module3.Assignment1">
    <ignored/>
  </testcase> <!-- login -->
</testsuite> <!-- Test -->
